<?xml version="1.0" encoding="UTF-8"?>
<testsuite name="SecretHandshakeSpec" tests="11" skipped="4" failures="1" errors="0" timestamp="2019-05-09T22:37:39" hostname="Michael-Nash's-MacBook-Pro" time="0.231">
  <properties/>
  <testcase name="Wink for 1" classname="SecretHandshakeSpec" time="0.154"/>
  <testcase name="Double blink for 10" classname="SecretHandshakeSpec" time="0.001"/>
  <testcase name="Close your eyes for 100" classname="SecretHandshakeSpec" time="0.001"/>
  <testcase name="Jump for 1000" classname="SecretHandshakeSpec" time="0.001"/>
  <testcase name="Combine two actions" classname="SecretHandshakeSpec" time="0.001"/>
  <testcase name="Reverse two actions" classname="SecretHandshakeSpec" time="0.004"/>
  <testcase name="Reversing one action gives the same action" classname="SecretHandshakeSpec" time="0.067">
    <failure message="Condition not satisfied:&#10;&#10;SecretHandshake.commands(number) == expected&#10;                |        |       |  |&#10;                |        24      |  [jump]&#10;                [wink, jump]     false&#10;" type="org.spockframework.runtime.SpockComparisonFailure">Condition not satisfied:

SecretHandshake.commands(number) == expected
                |        |       |  |
                |        24      |  [jump]
                [wink, jump]     false

	at SecretHandshakeSpec.Reversing one action gives the same action(SecretHandshakeSpec.groovy:61)
</failure>
  </testcase>
  <testcase name="Reversing no actions still gives no actions" classname="SecretHandshakeSpec" time="0.0">
    <skipped/>
  </testcase>
  <testcase name="All possible actions" classname="SecretHandshakeSpec" time="0.0">
    <skipped/>
  </testcase>
  <testcase name="Reverse all possible actions" classname="SecretHandshakeSpec" time="0.0">
    <skipped/>
  </testcase>
  <testcase name="Do nothing for zero" classname="SecretHandshakeSpec" time="0.0">
    <skipped/>
  </testcase>
  <system-out><![CDATA[1
2
4
8
3
19
24
]]></system-out>
  <system-err><![CDATA[]]></system-err>
</testsuite>
