<?xml version="1.0" encoding="UTF-8"?>
<testsuite name="SecretHandshakeSpec" tests="11" skipped="0" failures="0" errors="0" timestamp="2019-05-10T17:50:26" hostname="Michael-Nash's-MacBook-Pro" time="0.154">
  <properties/>
  <testcase name="Wink for 1" classname="SecretHandshakeSpec" time="0.147"/>
  <testcase name="Double blink for 10" classname="SecretHandshakeSpec" time="0.0"/>
  <testcase name="Close your eyes for 100" classname="SecretHandshakeSpec" time="0.0"/>
  <testcase name="Jump for 1000" classname="SecretHandshakeSpec" time="0.001"/>
  <testcase name="Combine two actions" classname="SecretHandshakeSpec" time="0.0"/>
  <testcase name="Reverse two actions" classname="SecretHandshakeSpec" time="0.002"/>
  <testcase name="Reversing one action gives the same action" classname="SecretHandshakeSpec" time="0.001"/>
  <testcase name="Reversing no actions still gives no actions" classname="SecretHandshakeSpec" time="0.001"/>
  <testcase name="All possible actions" classname="SecretHandshakeSpec" time="0.0"/>
  <testcase name="Reverse all possible actions" classname="SecretHandshakeSpec" time="0.001"/>
  <testcase name="Do nothing for zero" classname="SecretHandshakeSpec" time="0.0"/>
  <system-out><![CDATA[1
2
4
8
3
19
24
16
15
31
0
]]></system-out>
  <system-err><![CDATA[]]></system-err>
</testsuite>
