<?xml version="1.0" encoding="UTF-8"?>
<testsuite name="HelloWorldSpec" tests="1" skipped="0" failures="0" errors="0" timestamp="2019-05-01T16:02:59" hostname="Michael-Nash's-MacBook-Pro" time="0.083">
  <properties/>
  <testcase name="Outputs 'Hello, World!'" classname="HelloWorldSpec" time="0.083"/>
  <system-out><![CDATA[]]></system-out>
  <system-err><![CDATA[]]></system-err>
</testsuite>
