<?xml version="1.0" encoding="UTF-8"?>
<testsuite name="BinarySearchSpec" tests="11" skipped="0" failures="0" errors="0" timestamp="2019-05-01T23:28:29" hostname="Michael-Nash's-MacBook-Pro" time="0.122">
  <properties/>
  <testcase name="Finds a value in an array with one element" classname="BinarySearchSpec" time="0.11"/>
  <testcase name="Finds a value in the middle of an array" classname="BinarySearchSpec" time="0.001"/>
  <testcase name="Finds a value at the beginning of an array" classname="BinarySearchSpec" time="0.003"/>
  <testcase name="Finds a value at the end of an array" classname="BinarySearchSpec" time="0.001"/>
  <testcase name="Finds a value in an array of odd length" classname="BinarySearchSpec" time="0.001"/>
  <testcase name="Finds a value in an array of even length" classname="BinarySearchSpec" time="0.002"/>
  <testcase name="Identifies that a value is not included in the array" classname="BinarySearchSpec" time="0.0"/>
  <testcase name="A value smaller than the arrays smallest value is not included" classname="BinarySearchSpec" time="0.001"/>
  <testcase name="A value larger than the arrays largest value is not included" classname="BinarySearchSpec" time="0.001"/>
  <testcase name="Nothing is included in an empty array" classname="BinarySearchSpec" time="0.001"/>
  <testcase name="Nothing is found when the left and right bounds cross" classname="BinarySearchSpec" time="0.001"/>
  <system-out><![CDATA[]]></system-out>
  <system-err><![CDATA[]]></system-err>
</testsuite>
