<?xml version="1.0" encoding="UTF-8"?>
<testsuite name="DoubleLinkedListSpec" tests="5" skipped="0" failures="0" errors="0" timestamp="2019-05-01T23:31:57" hostname="Michael-Nash's-MacBook-Pro" time="0.124">
  <properties/>
  <testcase name="Can push and pop" classname="DoubleLinkedListSpec" time="0.1"/>
  <testcase name="Can push and shift" classname="DoubleLinkedListSpec" time="0.017"/>
  <testcase name="Can unshift an shift" classname="DoubleLinkedListSpec" time="0.006"/>
  <testcase name="Can unshift and pop" classname="DoubleLinkedListSpec" time="0.0"/>
  <testcase name="Complete example" classname="DoubleLinkedListSpec" time="0.001"/>
  <system-out><![CDATA[]]></system-out>
  <system-err><![CDATA[]]></system-err>
</testsuite>
