<?xml version="1.0" encoding="UTF-8"?>
<testsuite name="HammingSpec" tests="9" skipped="0" failures="0" errors="0" timestamp="2019-05-01T16:57:19" hostname="Michael-Nash's-MacBook-Pro" time="0.114">
  <properties/>
  <testcase name="Empty strands" classname="HammingSpec" time="0.104"/>
  <testcase name="Single letter identical strands" classname="HammingSpec" time="0.001"/>
  <testcase name="Single letter different strands" classname="HammingSpec" time="0.0"/>
  <testcase name="Long identical strands" classname="HammingSpec" time="0.001"/>
  <testcase name="Long different strands" classname="HammingSpec" time="0.0"/>
  <testcase name="Disallow first strand longer" classname="HammingSpec" time="0.006"/>
  <testcase name="Disallow second strand longer" classname="HammingSpec" time="0.001"/>
  <testcase name="Disallow left empty strand" classname="HammingSpec" time="0.0"/>
  <testcase name="Disallow right empty strand" classname="HammingSpec" time="0.0"/>
  <system-out><![CDATA[]]></system-out>
  <system-err><![CDATA[]]></system-err>
</testsuite>
