<?xml version="1.0" encoding="UTF-8"?>
<testsuite name="TwoFerSpec" tests="4" skipped="0" failures="0" errors="0" timestamp="2019-05-01T16:11:00" hostname="Michael-Nash's-MacBook-Pro" time="0.11">
  <properties/>
  <testcase name="No name given" classname="TwoFerSpec" time="0.094"/>
  <testcase name="Empty name given" classname="TwoFerSpec" time="0.015"/>
  <testcase name="Alice given as a name" classname="TwoFerSpec" time="0.001"/>
  <testcase name="Bob given as name" classname="TwoFerSpec" time="0.0"/>
  <system-out><![CDATA[]]></system-out>
  <system-err><![CDATA[]]></system-err>
</testsuite>
