<?xml version="1.0" encoding="UTF-8"?>
<testsuite name="WordCountSpec" tests="13" skipped="0" failures="0" errors="0" timestamp="2019-05-01T18:16:22" hostname="Michael-Nash's-MacBook-Pro" time="0.136">
  <properties/>
  <testcase name="Count one word" classname="WordCountSpec" time="0.124"/>
  <testcase name="Count one of each" classname="WordCountSpec" time="0.0"/>
  <testcase name="Multiple occurrences of a word" classname="WordCountSpec" time="0.0"/>
  <testcase name="Handles cramped lists" classname="WordCountSpec" time="0.001"/>
  <testcase name="Handles expanded lists" classname="WordCountSpec" time="0.001"/>
  <testcase name="Count everything only once" classname="WordCountSpec" time="0.004"/>
  <testcase name="Ignore punctuation" classname="WordCountSpec" time="0.0"/>
  <testcase name="Include numbers" classname="WordCountSpec" time="0.002"/>
  <testcase name="Normalize case" classname="WordCountSpec" time="0.0"/>
  <testcase name="With apostrophes" classname="WordCountSpec" time="0.001"/>
  <testcase name="With quotations" classname="WordCountSpec" time="0.0"/>
  <testcase name="Multiple spaces not detected as a word" classname="WordCountSpec" time="0.001"/>
  <testcase name="Alternating word separators not detected as a word" classname="WordCountSpec" time="0.0"/>
  <system-out><![CDATA[]]></system-out>
  <system-err><![CDATA[]]></system-err>
</testsuite>
