<?xml version="1.0" encoding="UTF-8"?>
<testsuite name="MatrixSpec" tests="8" skipped="0" failures="0" errors="0" timestamp="2019-05-28T16:22:01" hostname="Michael-Nash's-MacBook-Pro" time="0.126">
  <properties/>
  <testcase name="Extract row from one number matrix" classname="MatrixSpec" time="0.115"/>
  <testcase name="Can extract row" classname="MatrixSpec" time="0.0"/>
  <testcase name="Extract row where numbers have different widths" classname="MatrixSpec" time="0.001"/>
  <testcase name="Can extract row from non-square matrix" classname="MatrixSpec" time="0.001"/>
  <testcase name="Extract column from one number matrix" classname="MatrixSpec" time="0.0"/>
  <testcase name="Can extract column" classname="MatrixSpec" time="0.006"/>
  <testcase name="Can extract column from non-square matrix" classname="MatrixSpec" time="0.001"/>
  <testcase name="Extract column where numbers have different widths" classname="MatrixSpec" time="0.001"/>
  <system-out><![CDATA[]]></system-out>
  <system-err><![CDATA[]]></system-err>
</testsuite>
