<?xml version="1.0" encoding="UTF-8"?>
<testsuite name="GigasecondSpec" tests="5" skipped="0" failures="0" errors="0" timestamp="2019-05-01T17:38:12" hostname="Michael-Nash's-MacBook-Pro" time="0.1">
  <properties/>
  <testcase name="Date only specification of time" classname="GigasecondSpec" time="0.098"/>
  <testcase name="Second test for date only specification of time" classname="GigasecondSpec" time="0.001"/>
  <testcase name="Third test for date only specification of time" classname="GigasecondSpec" time="0.0"/>
  <testcase name="Full time specified" classname="GigasecondSpec" time="0.001"/>
  <testcase name="Full time with day roll-over" classname="GigasecondSpec" time="0.0"/>
  <system-out><![CDATA[]]></system-out>
  <system-err><![CDATA[]]></system-err>
</testsuite>
